Base path: '/Applications/Unity/2019.4.28f1c1/Unity.app/Contents', plugins path '/Applications/Unity/2019.4.28f1c1/Unity.app/Contents/PlaybackEngines'
Cmd: initializeCompiler
Cmd: preprocess
  insize=4337 outsize=657 ok=1
Cmd: preprocessCompute
  insize=4856 outsize=4857 ok=1
Cmd: compileComputeKernel
  api=14 insize=4857 outsize=2396 ok=1
Cmd: translateComputeKernel
  api=14 insize=2521 outsize=2942 ok=1
Cmd: preprocessCompute
  insize=4854 outsize=4855 ok=1
Cmd: compileComputeKernel
  api=14 insize=4855 outsize=2396 ok=1
Cmd: translateComputeKernel
  api=14 insize=2521 outsize=2943 ok=1
Cmd: preprocessCompute
  insize=4854 outsize=4855 ok=1
Cmd: preprocessCompute
  insize=4854 outsize=4855 ok=1
Cmd: translateComputeKernel
  api=14 insize=2521 outsize=2942 ok=1
Cmd: preprocessCompute
  insize=4968 outsize=4969 ok=1
Cmd: compileComputeKernel
  error: 2 plat 14 at HairSimulate.compute(45): undeclared identifier 'rand'
  api=14 insize=4969 outsize=0 ok=0
Cmd: preprocessCompute
  insize=4947 outsize=4948 ok=1
Cmd: compileComputeKernel
  error: 2 plat 14 at HairSimulate.compute(45): undeclared identifier 'rand'
  api=14 insize=4948 outsize=0 ok=0
Cmd: preprocessCompute
  insize=4929 outsize=4930 ok=1
Cmd: compileComputeKernel
  error: 2 plat 14 at HairSimulate.compute(45): undeclared identifier 'rand'
  api=14 insize=4930 outsize=0 ok=0
Cmd: preprocessCompute
  insize=4938 outsize=4939 ok=1
Cmd: translateComputeKernel
  api=14 insize=3669 outsize=7103 ok=1
Cmd: preprocessCompute
  insize=4934 outsize=4935 ok=1
Cmd: compileComputeKernel
  error: 2 plat 14 at HairSimulate.compute(45): undeclared identifier 'rand'
  api=14 insize=4935 outsize=0 ok=0
Cmd: preprocessCompute
  insize=4943 outsize=4944 ok=1
Cmd: compileComputeKernel
  api=14 insize=4944 outsize=3669 ok=1
Cmd: translateComputeKernel
  api=14 insize=2521 outsize=2942 ok=1
Cmd: preprocessCompute
  insize=2321 outsize=2322 ok=1
Cmd: compileComputeKernel
  api=14 insize=2322 outsize=1607 ok=1
Cmd: translateComputeKernel
  api=14 insize=1607 outsize=1661 ok=1
Cmd: compileSnippet
  api=14 type=0 insize=898 outsize=1666 kw= pd=UNITY_ENABLE_REFLECTION_BUFFERS UNITY_USE_DITHER_MASK_FOR_ALPHABLENDED_SHADOWS UNITY_PBS_USE_BRDF1 UNITY_SPECCUBE_BOX_PROJECTION UNITY_SPECCUBE_BLENDING UNITY_ENABLE_DETAIL_NORMALMAP SHADER_API_DESKTOP UNITY_COLORSPACE_GAMMA UNITY_LIGHT_PROBE_PROXY_VOLUME UNITY_LIGHTMAP_FULL_HDR ok=1
Cmd: compileSnippet
  api=14 type=1 insize=898 outsize=638 kw= pd=UNITY_ENABLE_REFLECTION_BUFFERS UNITY_USE_DITHER_MASK_FOR_ALPHABLENDED_SHADOWS UNITY_PBS_USE_BRDF1 UNITY_SPECCUBE_BOX_PROJECTION UNITY_SPECCUBE_BLENDING UNITY_ENABLE_DETAIL_NORMALMAP SHADER_API_DESKTOP UNITY_COLORSPACE_GAMMA UNITY_LIGHT_PROBE_PROXY_VOLUME UNITY_LIGHTMAP_FULL_HDR ok=1
Cmd: preprocessCompute
  insize=2536 outsize=2537 ok=1
Cmd: translateComputeKernel
  api=14 insize=1744 outsize=1711 ok=1
Cmd: preprocessCompute
  insize=2563 outsize=2564 ok=1
Cmd: preprocessCompute
  insize=2570 outsize=2571 ok=1
Cmd: compileComputeKernel
  error: 1 plat 14 at ClothSimulate.compute(94): 'calculateF': implicit truncation of vector type
  api=14 insize=2571 outsize=1659 ok=1
Cmd: translateComputeKernel
  api=14 insize=1744 outsize=1711 ok=1
Cmd: preprocessCompute
  insize=2569 outsize=2570 ok=1
Cmd: compileComputeKernel
  error: 2 plat 14 at ClothSimulate.compute(24): syntax error: unexpected integer constant
  error: 2 plat 14 at ClothSimulate.compute(61): 'gravity': identifier represents a function, not a variable
  api=14 insize=2570 outsize=0 ok=0
Cmd: preprocessCompute
  insize=2577 outsize=2578 ok=1
Cmd: compileComputeKernel
  error: 1 plat 14 at ClothSimulate.compute(94): 'calculateF': implicit truncation of vector type
  api=14 insize=2578 outsize=2009 ok=1
Cmd: translateComputeKernel
  api=14 insize=1752 outsize=1712 ok=1
Cmd: preprocessCompute
  insize=2581 outsize=2582 ok=1
Cmd: compileComputeKernel
  api=14 insize=2582 outsize=1667 ok=1
Cmd: preprocessCompute
  insize=2570 outsize=2571 ok=1
Cmd: preprocessCompute
  insize=2611 outsize=2612 ok=1
Cmd: compileComputeKernel
  api=14 insize=2612 outsize=1659 ok=1
Cmd: preprocessCompute
  insize=2614 outsize=2615 ok=1
Cmd: compileComputeKernel
  api=14 insize=2615 outsize=1659 ok=1
Cmd: translateComputeKernel
  api=14 insize=1795 outsize=2045 ok=1
Cmd: preprocessCompute
  insize=2614 outsize=2615 ok=1
Cmd: compileComputeKernel
  api=14 insize=2615 outsize=2073 ok=1
Cmd: translateComputeKernel
  api=14 insize=2108 outsize=2723 ok=1
