Base path: '/Applications/Unity/2019.4.28f1c1/Unity.app/Contents', plugins path '/Applications/Unity/2019.4.28f1c1/Unity.app/Contents/PlaybackEngines'
Cmd: initializeCompiler
Cmd: compileComputeKernel
  api=14 insize=4855 outsize=3669 ok=1
Cmd: translateComputeKernel
  api=14 insize=3669 outsize=7103 ok=1
Cmd: compileSnippet
  api=14 type=1 insize=898 outsize=730 kw= pd=UNITY_ENABLE_REFLECTION_BUFFERS UNITY_USE_DITHER_MASK_FOR_ALPHABLENDED_SHADOWS UNITY_PBS_USE_BRDF1 UNITY_SPECCUBE_BOX_PROJECTION UNITY_SPECCUBE_BLENDING UNITY_ENABLE_DETAIL_NORMALMAP SHADER_API_DESKTOP UNITY_COLORSPACE_GAMMA UNITY_LIGHT_PROBE_PROXY_VOLUME UNITY_LIGHTMAP_FULL_HDR ok=1
Cmd: compileComputeKernel
  error: 1 plat 14 at ClothSimulate.compute(94): 'calculateF': implicit truncation of vector type
  api=14 insize=2537 outsize=1659 ok=1
Cmd: compileComputeKernel
  error: 2 plat 14 at ClothSimulate.compute(24): syntax error: unexpected integer constant
  error: 2 plat 14 at ClothSimulate.compute(61): 'gravity': identifier represents a function, not a variable
  api=14 insize=2570 outsize=0 ok=0
Cmd: translateComputeKernel
  api=14 insize=2044 outsize=2629 ok=1
Cmd: translateComputeKernel
  api=14 insize=2044 outsize=2629 ok=1
Cmd: compileComputeKernel
  api=14 insize=2571 outsize=2033 ok=1
Cmd: translateComputeKernel
  api=14 insize=1744 outsize=1711 ok=1
Cmd: translateComputeKernel
  api=14 insize=1744 outsize=1711 ok=1
Cmd: compileComputeKernel
  api=14 insize=2615 outsize=1659 ok=1
