Base path: '/Applications/Unity/2019.4.28f1c1/Unity.app/Contents', plugins path '/Applications/Unity/2019.4.28f1c1/Unity.app/Contents/PlaybackEngines'
Cmd: initializeCompiler
Cmd: compileComputeKernel
  api=14 insize=4857 outsize=3669 ok=1
Cmd: translateComputeKernel
  api=14 insize=3669 outsize=7103 ok=1
Cmd: compileComputeKernel
  api=14 insize=4855 outsize=2396 ok=1
Cmd: compileComputeKernel
  error: 2 plat 14 at HairSimulate.compute(45): undeclared identifier 'rand'
  api=14 insize=4930 outsize=0 ok=0
Cmd: compileComputeKernel
  error: 1 plat 14 at ClothSimulate.compute(94): 'calculateF': implicit truncation of vector type
  api=14 insize=2537 outsize=2033 ok=1
Cmd: compileComputeKernel
  error: 1 plat 14 at ClothSimulate.compute(94): 'calculateF': implicit truncation of vector type
  api=14 insize=2564 outsize=2033 ok=1
Cmd: translateComputeKernel
  api=14 insize=1744 outsize=1711 ok=1
Cmd: translateComputeKernel
  api=14 insize=2068 outsize=2665 ok=1
